2025-04-07 22:32:45,120 - TelegramBot - INFO - рЯЯҐ –С–Њ—В –Ј–∞–њ—Г—Й–µ–љ –Є –≥–Њ—В–Њ–≤ –Ї —А–∞–±–Њ—В–µ!
2025-04-07 22:33:11,731 - TelegramBot - INFO - рЯС§ –Ь–∞–Ї—Б (@Skampil, ID: 1109591249) вЮЬ –Ч–∞–њ—Г—Б—В–Є–ї –±–Њ—В–∞ /start
2025-04-07 22:33:11,746 - TelegramBot - ERROR - рЯФі –Ю—И–Є–±–Ї–∞ –≤ —А–∞–±–Њ—В–µ –±–Њ—В–∞: name 'reset_user_state' is not defined
2025-04-07 22:36:45,029 - TelegramBot - INFO - рЯЯҐ –С–Њ—В –Ј–∞–њ—Г—Й–µ–љ
2025-04-07 22:36:45,891 - TelegramBot - INFO - рЯС§ –Ь–∞–Ї—Б (ID: 1109591249) вЮЬ –Ч–∞–њ—Г—Б–Ї –±–Њ—В–∞ | 
2025-04-07 22:36:54,456 - TelegramBot - INFO - рЯС§ –Ь–∞–Ї—Б (ID: 1109591249) вЮЬ –Э–∞—З–∞–ї —А–∞—Б—З—С—В —Б–Љ–µ—В—Л | 
2025-04-07 22:37:03,836 - TelegramBot - INFO - рЯС§ –Ь–∞–Ї—Б (ID: 1109591249) вЮЬ –†–∞—Б—Б—З–Є—В–∞–ї —Б–Љ–µ—В—Г: —И—В—Г–Ї–∞—В—Г—А–Ї–∞ (15.0 –Љ¬≤) | 
2025-04-07 22:44:24,094 - TelegramBot - INFO - –С–Њ—В –Ј–∞–њ—Г—Й–µ–љ
2025-04-07 22:46:04,272 - INFO - === BOT STARTED ===
2025-04-07 22:46:15,623 - INFO - [2025-04-07 22:46:15] USER:1109591249 - START | Name: –Ь–∞–Ї—Б
2025-04-07 22:47:43,231 - INFO - === BOT STARTED ===
2025-04-07 22:47:55,115 - INFO - [2025-04-07 22:47:55] USER:1109591249 - START | Name: –Ь–∞–Ї—Б
2025-04-07 22:48:13,563 - INFO - [2025-04-07 22:48:13] USER:1109591249 - CALCULATION | –њ–Њ–Ї—А–∞—Б–Ї–∞ (15.0–Љ¬≤)
2025-04-07 22:48:38,309 - ERROR - CRASH: HTTPSConnectionPool(host='api.telegram.org', port=443): Read timed out. (read timeout=25)
2025-04-07 22:49:54,712 - INFO - === BOT STARTED ===
2025-04-07 22:52:03,585 - ERROR - CRASH: HTTPSConnectionPool(host='api.telegram.org', port=443): Read timed out. (read timeout=25)
2025-04-07 22:56:58,241 - TelegramBot - INFO - === –С–Њ—В –Ј–∞–њ—Г—Й–µ–љ ===
2025-04-07 22:57:07,179 - TelegramBot - INFO - –Я–Њ–ї—М–Ј–Њ–≤–∞—В–µ–ї—М 1109591249 –Ј–∞–њ—Г—Б—В–Є–ї –±–Њ—В–∞
2025-04-07 22:59:37,723 - TelegramBot - INFO - === –С–Њ—В –Ј–∞–њ—Г—Й–µ–љ ===
2025-04-07 22:59:45,054 - TelegramBot - INFO - –Я–Њ–ї—М–Ј–Њ–≤–∞—В–µ–ї—М –Ь–∞–Ї—Б (@Skampil) [ID: 1109591249] –Ј–∞–њ—Г—Б—В–Є–ї –±–Њ—В–∞
2025-04-07 22:59:59,323 - TelegramBot - INFO - –Я–Њ–ї—М–Ј–Њ–≤–∞—В–µ–ї—М –Ь–∞–Ї—Б (@Skampil) [ID: 1109591249] –Ј–∞–њ—А–Њ—Б–Є–ї —А–∞—Б—З–µ—В —Б–Љ–µ—В—Л
2025-04-07 23:01:20,670 - TelegramBot - INFO - === –С–Њ—В –Ј–∞–њ—Г—Й–µ–љ ===
2025-04-07 23:01:30,612 - TelegramBot - INFO - –Я–Њ–ї—М–Ј–Њ–≤–∞—В–µ–ї—М –Ь–∞–Ї—Б (@Skampil) [ID: 1109591249] –Ј–∞–њ—Г—Б—В–Є–ї –±–Њ—В–∞
2025-04-07 23:04:40,164 - INFO - === BOT STARTED ===
2025-04-07 23:04:53,479 - INFO - [2025-04-07 23:04:53] USER:1109591249 - START | Name: –Ь–∞–Ї—Б
2025-04-07 23:05:09,817 - INFO - [2025-04-07 23:05:09] USER:1109591249 - CALCULATION | –њ–Њ–Ї—А–∞—Б–Ї–∞ (15.0–Љ¬≤)
2025-04-07 23:05:31,531 - INFO - [2025-04-07 23:05:31] USER:1109591249 - START | Name: –Ь–∞–Ї—Б
2025-04-07 23:05:47,508 - INFO - [2025-04-07 23:05:47] USER:1109591249 - SPAM_ATTEMPT | Messages: 6
2025-04-07 23:05:47,508 - INFO - [2025-04-07 23:05:47] USER:1109591249 - AUTO_BANNED | Spam detected
2025-04-07 23:06:27,675 - ERROR - CRASH: ('Connection aborted.', RemoteDisconnected('Remote end closed connection without response'))
2025-04-07 23:14:27,544 - INFO - === BOT STARTED ===
2025-04-07 23:14:37,973 - INFO - [2025-04-07 23:14:37] USER:1109591249 - START | Name: –Ь–∞–Ї—Б
2025-04-07 23:14:50,144 - INFO - [2025-04-07 23:14:50] USER:1109591249 - CALCULATION | –њ–Њ–Ї—А–∞—Б–Ї–∞ (15.0–Љ¬≤)
2025-04-07 23:14:54,386 - INFO - [2025-04-07 23:14:54] USER:1109591249 - REQUEST_SUBMISSION
2025-04-07 23:20:18,157 - INFO - === –С–Ю–Ґ –Ч–Р–Я–£–©–Х–Э ===
2025-04-07 23:20:26,203 - INFO - [2025-04-07 23:20:26] USER:1109591249 - START/RESET | Name: –Ь–∞–Ї—Б
2025-04-07 23:20:59,815 - INFO - [2025-04-07 23:20:59] USER:1109591249 - REQUEST_SUBMISSION_STARTED
2025-04-07 23:21:02,716 - ERROR - !!! –С–Ю–Ґ –£–Я–Р–Ы: name 'back_to_menu' is not defined
2025-04-07 23:21:02,716 - INFO - === –С–Ю–Ґ –Ю–°–Ґ–Р–Э–Ю–Т–Ы–Х–Э ===
2025-04-07 23:21:13,579 - INFO - === –С–Ю–Ґ –Ч–Р–Я–£–©–Х–Э ===
2025-04-07 23:21:20,425 - INFO - [2025-04-07 23:21:20] USER:1109591249 - START/RESET | Name: –Ь–∞–Ї—Б
2025-04-07 23:23:41,848 - INFO - === –С–Ю–Ґ –Ю–°–Ґ–Р–Э–Ю–Т–Ы–Х–Э ===
2025-04-07 23:29:54,959 - === –С–Њ—В –Ј–∞–њ—Г—Й–µ–љ ===
2025-04-07 23:30:06,156 - User 1109591249 (–Ь–∞–Ї—Б): Start/Restart
2025-04-07 23:30:14,622 - User 1109591249 (–Ь–∞–Ї—Б): Estimate menu opened
2025-04-07 23:33:16,087 - === –С–Њ—В –Ј–∞–њ—Г—Й–µ–љ ===
2025-04-07 23:33:27,504 - User 1109591249 (–Ь–∞–Ї—Б): Start/Restart
2025-04-07 23:33:32,017 - User 1109591249 (–Ь–∞–Ї—Б): Opened estimate menu
2025-04-07 23:35:23,765 - === –С–Њ—В –Ј–∞–њ—Г—Й–µ–љ ===
2025-04-07 23:35:34,117 - 2025-04-07 23:35:34 - –Ь–∞–Ї—Б (ID: 1109591249): –Ч–∞–њ—Г—Б—В–Є–ї –±–Њ—В–∞
2025-04-07 23:38:42,445 - === –С–Њ—В –Њ—Б—В–∞–љ–Њ–≤–ї–µ–љ ===
2025-04-07 23:38:43,900 - === –С–Њ—В –Ј–∞–њ—Г—Й–µ–љ ===
2025-04-07 23:38:51,101 - 07.04.2025 23:38 | –Ь–∞–Ї—Б (ID: 1109591249) | –Ю—В–Ї—А—Л–ї —А–∞—Б—З–µ—В —Б–Љ–µ—В—Л
2025-04-07 23:41:56,749 - === –С–Њ—В –Ј–∞–њ—Г—Й–µ–љ ===
2025-04-07 23:42:08,987 - 07.04.2025 23:42 | –Ь–∞–Ї—Б (ID: 1109591249) | –Ч–∞–њ—Г—Б—В–Є–ї –±–Њ—В–∞
2025-04-07 23:42:13,668 - 07.04.2025 23:42 | –Ь–∞–Ї—Б (ID: 1109591249) | –Ю—В–Ї—А—Л–ї —А–∞—Б—З–µ—В —Б–Љ–µ—В—Л
2025-04-07 23:42:38,911 - 07.04.2025 23:42 | –Ь–∞–Ї—Б (ID: 1109591249) | –†–∞—Б—Б—З–Є—В–∞–ї: –њ–Њ–Ї—А–∞—Б–Ї–∞ 15–Љ¬≤ = 4500.0—А—Г–±
2025-04-07 23:42:49,384 - 07.04.2025 23:42 | –Ь–∞–Ї—Б (ID: 1109591249) | –Э–∞—З–∞–ї –Ј–∞—П–≤–Ї—Г
2025-04-07 23:45:14,791 - === –С–Њ—В –Ј–∞–њ—Г—Й–µ–љ ===
2025-04-07 23:45:27,846 - 07.04.2025 23:45 | –Ь–∞–Ї—Б (ID: 1109591249) | –Ч–∞–њ—Г—Б–Ї –±–Њ—В–∞
2025-04-07 23:45:31,343 - 07.04.2025 23:45 | –Ь–∞–Ї—Б (ID: 1109591249) | –†–∞—Б—З–µ—В —Б–Љ–µ—В—Л
2025-04-07 23:45:38,819 - 07.04.2025 23:45 | –Ь–∞–Ї—Б (ID: 1109591249) | –†–∞—Б—Б—З–Є—В–∞–ї: –њ–Њ–Ї—А–∞—Б–Ї–∞ 15–Љ¬≤ = 4500.0—А—Г–±
2025-04-07 23:45:41,959 - 07.04.2025 23:45 | –Ь–∞–Ї—Б (ID: 1109591249) | –Э–∞—З–∞–ї –Ј–∞—П–≤–Ї—Г
2025-04-07 23:46:19,379 - 07.04.2025 23:46 | –Ь–∞–Ї—Б (ID: 1109591249) | –Ч–∞—П–≤–Ї–∞: 1. +79897551505
2025-04-07 23:46:41,576 - 07.04.2025 23:46 | –Ь–∞–Ї—Б (ID: 1109591249) | –Ч–∞–њ—Г—Б–Ї –±–Њ—В–∞
2025-04-07 23:50:58,796 - === –С–Њ—В –Ј–∞–њ—Г—Й–µ–љ ===
2025-04-07 23:51:09,415 - 07.04.2025 23:51 | –Ь–∞–Ї—Б (ID: 1109591249) | –Ч–∞–њ—Г—Б–Ї –±–Њ—В–∞
2025-04-08 11:31:49,706 - === –С–Њ—В –Ј–∞–њ—Г—Й–µ–љ ===
2025-04-08 14:40:31,839 - 08.04.2025 14:40 | –Ь–∞–Ї—Б (ID: 1109591249) | –Ч–∞–њ—Г—Б–Ї –±–Њ—В–∞
2025-04-10 02:17:50,958 - === –С–Њ—В –Ј–∞–њ—Г—Й–µ–љ ===
2025-04-10 07:49:52,330 - === –С–Њ—В –Ј–∞–њ—Г—Й–µ–љ ===
2025-04-10 22:48:36,726 - === –С–Њ—В –Ј–∞–њ—Г—Й–µ–љ ===
2025-04-11 23:28:37,691 - __main__ - INFO - Ѕот запущен
2025-04-11 23:29:00,414 - __main__ - INFO - ѕользователь 1109591249 начал работу с ботом
2025-04-11 23:29:33,124 - __main__ - INFO - ѕользователь 1109591249 добавил фото к за€вке
2025-04-11 23:29:34,837 - __main__ - ERROR - ќшибка при отправке за€вки: read of closed file
2025-04-11 23:29:34,936 - __main__ - ERROR - ќшибка при отправке за€вки пользователем 1109591249
2025-04-11 23:31:14,482 - __main__ - INFO - Ѕот запущен
2025-04-11 23:31:18,950 - __main__ - INFO - ѕользователь 1109591249 начал работу с ботом
2025-04-11 23:31:18,950 - __main__ - INFO - ѕользователь 1109591249 сбросил состо€ние
2025-04-11 23:31:55,197 - __main__ - INFO - ѕользователь 1109591249 добавил фото к за€вке
2025-04-11 23:31:57,510 - __main__ - ERROR - ќшибка при формировании медиа-группы: read of closed file
2025-04-11 23:34:45,477 - __main__ - INFO - Ѕот запущен
2025-04-11 23:34:50,436 - __main__ - INFO - ѕользователь 1109591249 начал работу с ботом
2025-04-11 23:34:50,436 - __main__ - INFO - ѕользователь 1109591249 сбросил состо€ние
2025-04-11 23:35:21,696 - __main__ - INFO - ѕользователь 1109591249 добавил фото к за€вке
2025-04-11 23:35:23,799 - __main__ - ERROR -  ритическа€ ошибка при отправке за€вки: read of closed file
2025-04-11 23:35:23,922 - __main__ - INFO - ќтправлена текстова€ за€вка от 1109591249
2025-04-11 23:37:17,132 - __main__ - INFO - Ѕот запущен
2025-04-11 23:37:21,332 - __main__ - INFO - ѕользователь 1109591249 начал работу с ботом
2025-04-11 23:37:21,332 - __main__ - INFO - ѕользователь 1109591249 сбросил состо€ние
2025-04-11 23:37:50,628 - __main__ - INFO - ѕользователь 1109591249 добавил фото к за€вке
2025-04-11 23:37:53,182 - __main__ - INFO - «а€вка с фото отправлена дл€ пользовател€ 1109591249
2025-04-11 23:38:06,409 - __main__ - INFO - ѕользователь 1109591249 рассчитал смету: штукатурка на 15.0 м\xb2
2025-04-11 23:38:26,132 - __main__ - INFO - ѕользователь 1109591249 рассчитал материалы: плитка 30x30 см на 40.0 м\xb2
2025-04-11 23:47:56,155 - __main__ - INFO - Ѕот запущен
2025-04-11 23:48:00,151 - __main__ - INFO - ѕользователь 1109591249 начал работу с ботом
2025-04-11 23:48:00,151 - __main__ - INFO - ѕользователь 1109591249 сбросил состо€ние
2025-04-11 23:48:14,248 - __main__ - ERROR - ќшибка при расчете материалов дл€ 1109591249: 'size'
2025-04-11 23:48:32,249 - __main__ - ERROR - ќшибка при расчете материалов дл€ 1109591249: 'size'
2025-04-12 00:10:11,073 - __main__ - INFO - Ѕот запущен
2025-04-12 00:10:15,477 - __main__ - INFO - ѕользователь 1109591249 начал работу с ботом
2025-04-12 00:10:15,477 - __main__ - INFO - ѕользователь 1109591249 сбросил состо€ние
2025-04-12 00:11:40,459 - __main__ - INFO - ѕользователь 1109591249 рассчитал смету: штукатурка на 15.0 м\xb2
2025-04-12 00:12:02,280 - __main__ - INFO - ѕользователь 1109591249 рассчитал материалы: плитка 20x30 см на 43.0 м\xb2
2025-04-12 00:14:10,311 - __main__ - INFO - ѕользователь 1109591249 начал работу с ботом
2025-04-12 00:14:10,311 - __main__ - INFO - ѕользователь 1109591249 сбросил состо€ние
2025-08-10 19:57:52,684 - __main__ - INFO - Ѕот запущен
2025-08-10 19:58:23,191 - __main__ - INFO - ѕользователь 1109591249 начал работу с ботом
2025-08-10 19:59:12,782 - __main__ - INFO - ѕользователь 1109591249 рассчитал материалы: плитка 20x30 см на 24.0 м\xb2
2025-08-10 19:59:58,944 - __main__ - CRITICAL - Ѕот упал с ошибкой: name 'send_request_to_admin' is not defined
2025-08-10 20:01:22,383 - __main__ - INFO - Ѕот запущен
2025-08-10 20:01:38,170 - __main__ - INFO - ѕользователь 1109591249 начал работу с ботом
2025-08-10 20:13:58,409 - __main__ - INFO - Ѕот запущен
2025-08-10 20:30:18,882 - __main__ - INFO - Ѕот запущен
2025-08-10 20:30:27,592 - __main__ - INFO - ѕользователь 1109591249 начал работу с ботом
2025-08-10 20:30:56,592 - __main__ - ERROR - ќшибка при обработке за€вки пользовател€ 1109591249: name 'request_menu' is not defined
2025-08-10 20:31:26,707 - __main__ - ERROR - ќшибка при обработке за€вки пользовател€ 1109591249: name 'request_menu' is not defined
2025-08-10 20:31:56,371 - __main__ - ERROR - ќшибка при обработке за€вки пользовател€ 1109591249: name 'request_menu' is not defined
2025-08-10 20:57:14,605 - __main__ - INFO - Ѕот запущен
2025-08-10 20:57:32,230 - __main__ - INFO - ѕользователь 1109591249 начал работу с ботом
2025-08-13 14:02:54,828 - __main__ - INFO - Ѕот запущен
2025-08-13 14:02:56,765 - __main__ - INFO - ѕользователь 1109591249 начал работу с ботом
2025-08-13 14:54:51,566 - __main__ - INFO - Ѕот запущен
2025-08-13 14:54:53,356 - __main__ - INFO - ѕользователь 1109591249 начал работу с ботом
2025-08-13 14:54:53,387 - __main__ - INFO - ѕользователь 1109591249 начал работу с ботом
2025-08-13 15:02:07,220 - __main__ - INFO - Ѕот запущен
2025-08-13 15:02:08,378 - __main__ - CRITICAL - Ѕот упал с ошибкой: name 'm' is not defined
2025-08-13 15:03:54,313 - __main__ - INFO - Ѕот запущен
2025-08-13 15:04:04,907 - __main__ - CRITICAL - Ѕот упал с ошибкой: name 'm' is not defined
2025-08-13 15:04:39,431 - __main__ - INFO - Ѕот запущен
2025-08-13 15:04:43,241 - __main__ - CRITICAL - Ѕот упал с ошибкой: name 'm' is not defined
2025-08-13 15:04:57,232 - __main__ - INFO - Ѕот запущен
2025-08-13 15:05:00,739 - __main__ - CRITICAL - Ѕот упал с ошибкой: name 'm' is not defined
2025-08-13 15:05:26,431 - __main__ - INFO - Ѕот запущен
2025-08-13 15:05:28,701 - __main__ - CRITICAL - Ѕот упал с ошибкой: name 'm' is not defined
2025-08-13 15:09:54,205 - __main__ - INFO - Ѕот запущен
